#
# There is insufficient memory for the Java Runtime Environment to continue.
# Native memory allocation (malloc) failed to allocate 1186896 bytes for Chunk::new
# Possible reasons:
#   The system is out of physical RAM or swap space
#   In 32 bit mode, the process size limit was hit
# Possible solutions:
#   Reduce memory load on the system
#   Increase physical memory or swap space
#   Check if swap backing store is full
#   Use 64 bit Java on a 64 bit OS
#   Decrease Java heap size (-Xmx/-Xms)
#   Decrease number of Java threads
#   Decrease Java thread stack sizes (-Xss)
#   Set larger code cache with -XX:ReservedCodeCacheSize=
# This output file may be truncated or incomplete.
#
#  Out of Memory Error (allocation.cpp:390), pid=15912, tid=0x00000000000042b4
#
# JRE version: OpenJDK Runtime Environment (8.0_152-b02) (build 1.8.0_152-release-1024-b02)
# Java VM: OpenJDK 64-Bit Server VM (25.152-b02 mixed mode windows-amd64 compressed oops)
# Failed to write core dump. Minidumps are not enabled by default on client versions of Windows
#

---------------  T H R E A D  ---------------

Current thread (0x0000000017a97000):  JavaThread "C2 CompilerThread0" daemon [_thread_in_native, id=17076, stack(0x00000000191e0000,0x00000000192e0000)]

Stack: [0x00000000191e0000,0x00000000192e0000]
[error occurred during error reporting (printing stack bounds), id 0xc0000005]

Native frames: (J=compiled Java code, j=interpreted, Vv=VM code, C=native code)


Current CompileTask:
C2:5453003 18052       4       org.gradle.api.internal.artifacts.ivyservice.ivyresolve.parser.GradlePomModuleDescriptorBuilder::doAddDependency (470 bytes)


---------------  P R O C E S S  ---------------

Java Threads: ( => current thread )
  0x000000001dbeb800 JavaThread "Cache worker for Artifact transforms cache (C:\Users\hloya\.gradle\caches\transforms-1)" [_thread_blocked, id=13988, stack(0x000000003b4c0000,0x000000003b5c0000)]
  0x000000001dbe2000 JavaThread "Cache worker for file hash cache (C:\Users\hloya\AndroidStudioProjects\EBMStatsCalc\.gradle\4.4\fileHashes)" [_thread_blocked, id=13424, stack(0x000000003b3c0000,0x000000003b4c0000)]
  0x000000001dbe8000 JavaThread "Stdin handler" [_thread_blocked, id=11412, stack(0x000000003b2c0000,0x000000003b3c0000)]
  0x000000001dbe5800 JavaThread "Asynchronous log dispatcher for DefaultDaemonConnection: socket connection from /127.0.0.1:59875 to /127.0.0.1:61609" [_thread_blocked, id=2220, stack(0x000000003b1c0000,0x000000003b2c0000)]
  0x000000001dbe1000 JavaThread "Cancel handler" [_thread_blocked, id=10392, stack(0x000000003b0c0000,0x000000003b1c0000)]
  0x000000001dbe5000 JavaThread "Handler for socket connection from /127.0.0.1:59875 to /127.0.0.1:61609" [_thread_in_native, id=5320, stack(0x000000003afc0000,0x000000003b0c0000)]
  0x000000001dbf0000 JavaThread "pool-32-thread-1" [_thread_blocked, id=13984, stack(0x000000003aec0000,0x000000003afc0000)]
  0x000000001dbe6800 JavaThread "Daemon worker Thread 3" [_thread_in_native, id=16920, stack(0x000000003a5c0000,0x000000003a6c0000)]
  0x000000001dbe3800 JavaThread "Daemon Thread 3" [_thread_blocked, id=2228, stack(0x000000003a2c0000,0x000000003a3c0000)]
  0x000000001dbe7000 JavaThread "Memory manager" [_thread_blocked, id=5972, stack(0x0000000022820000,0x0000000022920000)]
  0x000000001dbe4000 JavaThread "pool-1-thread-1" [_thread_blocked, id=13348, stack(0x0000000022520000,0x0000000022620000)]
  0x000000001ad5b800 JavaThread "File lock request listener" [_thread_in_native, id=11780, stack(0x000000001c8c0000,0x000000001c9c0000)]
  0x000000001ab5c800 JavaThread "Cache worker for file hash cache (C:\Users\hloya\.gradle\caches\4.4\fileHashes)" [_thread_blocked, id=15648, stack(0x000000001c7c0000,0x000000001c8c0000)]
  0x000000001abca800 JavaThread "Daemon periodic checks" [_thread_blocked, id=12860, stack(0x000000001bcc0000,0x000000001bdc0000)]
  0x000000001abb6000 JavaThread "Incoming local TCP Connector on port 59875" [_thread_in_native, id=8752, stack(0x000000001b7f0000,0x000000001b8f0000)]
  0x0000000017aee000 JavaThread "Service Thread" daemon [_thread_blocked, id=10176, stack(0x00000000198e0000,0x00000000199e0000)]
  0x0000000017a90800 JavaThread "C1 CompilerThread2" daemon [_thread_blocked, id=928, stack(0x00000000193e0000,0x00000000194e0000)]
  0x0000000017a8d000 JavaThread "C2 CompilerThread1" daemon [_thread_blocked, id=3848, stack(0x00000000192e0000,0x00000000193e0000)]
=>0x0000000017a97000 JavaThread "C2 CompilerThread0" daemon [_thread_in_native, id=17076, stack(0x00000000191e0000,0x00000000192e0000)]
  0x0000000017a95800 JavaThread "Attach Listener" daemon [_thread_blocked, id=16892, stack(0x00000000190e0000,0x00000000191e0000)]
  0x0000000017a94000 JavaThread "Signal Dispatcher" daemon [_thread_blocked, id=13592, stack(0x0000000018fe0000,0x00000000190e0000)]
  0x000000000411c000 JavaThread "Finalizer" daemon [_thread_blocked, id=12904, stack(0x0000000018cf0000,0x0000000018df0000)]
  0x0000000004111000 JavaThread "Reference Handler" daemon [_thread_blocked, id=6496, stack(0x0000000018bf0000,0x0000000018cf0000)]
  0x000000000401d800 JavaThread "main" [_thread_blocked, id=6980, stack(0x0000000003e90000,0x0000000003f90000)]

Other Threads:
  0x0000000017a55800 VMThread [stack: 0x0000000018af0000,0x0000000018bf0000] [id=6148]
  0x0000000019509800 WatcherThread [stack: 0x00000000199e0000,0x0000000019ae0000] [id=17340]

VM state:not at safepoint (normal execution)

VM Mutex/Monitor currently owned by a thread: None

Heap:
 PSYoungGen      total 451584K, used 289782K [0x00000000e0000000, 0x00000000fea00000, 0x0000000100000000)
  eden space 439808K, 65% used [0x00000000e0000000,0x00000000f1afd980,0x00000000fad80000)
  from space 11776K, 0% used [0x00000000fde80000,0x00000000fde80000,0x00000000fea00000)
  to   space 27136K, 0% used [0x00000000fb500000,0x00000000fb500000,0x00000000fcf80000)
 ParOldGen       total 219648K, used 48626K [0x00000000a0000000, 0x00000000ad680000, 0x00000000e0000000)
  object space 219648K, 22% used [0x00000000a0000000,0x00000000a2f7cbf8,0x00000000ad680000)
 Metaspace       used 98888K, capacity 103270K, committed 103512K, reserved 1138688K
  class space    used 12655K, capacity 13657K, committed 13696K, reserved 1048576K

Card table byte_map: [0x00000000134e0000,0x00000000137f0000] byte_map_base: 0x0000000012fe0000

Marking Bits: (ParMarkBitMap*) 0x00000000739e4970
 Begin Bits: [0x0000000013df0000, 0x00000000155f0000)
 End Bits:   [0x00000000155f0000, 0x0000000016df0000)

Polling page: 0x0000000002510000

CodeCache: size=245760Kb used=49861Kb max_used=50316Kb free=195898Kb
 bounds [0x0000000004120000, 0x00000000072b0000, 0x0000000013120000]
 total_blobs=15467 nmethods=14598 adapters=781
 compilation: enabled

Compilation events (10 events):
Event: 5452.304 Thread 0x0000000017a8d000 18057       4       org.gradle.internal.component.external.model.DefaultModuleComponentSelector::<init> (80 bytes)
Event: 5452.304 Thread 0x0000000017a8d000 nmethod 18057 0x00000000055b6850 code [0x00000000055b6980, 0x00000000055b69f8]
Event: 5452.305 Thread 0x0000000017a8d000 18058       4       org.gradle.internal.component.external.model.MavenDependencyMetadata::<init> (77 bytes)
Event: 5452.352 Thread 0x0000000017a8d000 nmethod 18058 0x0000000006e78710 code [0x0000000006e789c0, 0x0000000006e79fb0]
Event: 5452.352 Thread 0x0000000017a8d000 18059       4       org.gradle.internal.component.model.DefaultDependencyMetadata::map (65 bytes)
Event: 5452.383 Thread 0x0000000017a8d000 nmethod 18059 0x0000000005089a90 code [0x0000000005089c80, 0x000000000508a6b0]
Event: 5452.383 Thread 0x0000000017a8d000 18060       4       org.gradle.api.internal.artifacts.ivyservice.ivyresolve.parser.data.MavenDependencyKey::equals (91 bytes)
Event: 5452.387 Thread 0x0000000017a8d000 nmethod 18060 0x0000000006eaad90 code [0x0000000006eaaee0, 0x0000000006eab438]
Event: 5452.387 Thread 0x0000000017a8d000 18061       4       org.gradle.internal.resource.ExternalResourceName::join (104 bytes)
Event: 5452.422 Thread 0x0000000017a8d000 nmethod 18061 0x00000000065972d0 code [0x0000000006597480, 0x0000000006598458]

GC Heap History (10 events):
Event: 149.852 GC heap before
{Heap before GC invocations=16 (full 3):
 PSYoungGen      total 441856K, used 441378K [0x00000000e0000000, 0x00000000fd400000, 0x0000000100000000)
  eden space 425984K, 100% used [0x00000000e0000000,0x00000000fa000000,0x00000000fa000000)
  from space 15872K, 96% used [0x00000000fc480000,0x00000000fd388820,0x00000000fd400000)
  to   space 23552K, 0% used [0x00000000fa600000,0x00000000fa600000,0x00000000fbd00000)
 ParOldGen       total 152576K, used 47372K [0x00000000a0000000, 0x00000000a9500000, 0x00000000e0000000)
  object space 152576K, 31% used [0x00000000a0000000,0x00000000a2e43140,0x00000000a9500000)
 Metaspace       used 78218K, capacity 81588K, committed 81752K, reserved 1120256K
  class space    used 10163K, capacity 10873K, committed 10880K, reserved 1048576K
Event: 149.888 GC heap after
Heap after GC invocations=16 (full 3):
 PSYoungGen      total 455680K, used 7550K [0x00000000e0000000, 0x0000000100000000, 0x0000000100000000)
  eden space 432128K, 0% used [0x00000000e0000000,0x00000000e0000000,0x00000000fa600000)
  from space 23552K, 32% used [0x00000000fa600000,0x00000000fad5fb88,0x00000000fbd00000)
  to   space 23040K, 0% used [0x00000000fe980000,0x00000000fe980000,0x0000000100000000)
 ParOldGen       total 152576K, used 47380K [0x00000000a0000000, 0x00000000a9500000, 0x00000000e0000000)
  object space 152576K, 31% used [0x00000000a0000000,0x00000000a2e45140,0x00000000a9500000)
 Metaspace       used 78218K, capacity 81588K, committed 81752K, reserved 1120256K
  class space    used 10163K, capacity 10873K, committed 10880K, reserved 1048576K
}
Event: 159.809 GC heap before
{Heap before GC invocations=17 (full 3):
 PSYoungGen      total 455680K, used 439530K [0x00000000e0000000, 0x0000000100000000, 0x0000000100000000)
  eden space 432128K, 99% used [0x00000000e0000000,0x00000000fa5dad18,0x00000000fa600000)
  from space 23552K, 32% used [0x00000000fa600000,0x00000000fad5fb88,0x00000000fbd00000)
  to   space 23040K, 0% used [0x00000000fe980000,0x00000000fe980000,0x0000000100000000)
 ParOldGen       total 152576K, used 47380K [0x00000000a0000000, 0x00000000a9500000, 0x00000000e0000000)
  object space 152576K, 31% used [0x00000000a0000000,0x00000000a2e45140,0x00000000a9500000)
 Metaspace       used 78521K, capacity 81984K, committed 82136K, reserved 1120256K
  class space    used 10183K, capacity 10907K, committed 11008K, reserved 1048576K
Event: 159.832 GC heap after
Heap after GC invocations=17 (full 3):
 PSYoungGen      total 498176K, used 11513K [0x00000000e0000000, 0x00000000ffd80000, 0x0000000100000000)
  eden space 477696K, 0% used [0x00000000e0000000,0x00000000e0000000,0x00000000fd280000)
  from space 20480K, 56% used [0x00000000fe980000,0x00000000ff4be728,0x00000000ffd80000)
  to   space 22016K, 0% used [0x00000000fd280000,0x00000000fd280000,0x00000000fe800000)
 ParOldGen       total 152576K, used 47388K [0x00000000a0000000, 0x00000000a9500000, 0x00000000e0000000)
  object space 152576K, 31% used [0x00000000a0000000,0x00000000a2e47140,0x00000000a9500000)
 Metaspace       used 78521K, capacity 81984K, committed 82136K, reserved 1120256K
  class space    used 10183K, capacity 10907K, committed 11008K, reserved 1048576K
}
Event: 328.236 GC heap before
{Heap before GC invocations=18 (full 3):
 PSYoungGen      total 498176K, used 488349K [0x00000000e0000000, 0x00000000ffd80000, 0x0000000100000000)
  eden space 477696K, 99% used [0x00000000e0000000,0x00000000fd1a8f68,0x00000000fd280000)
  from space 20480K, 56% used [0x00000000fe980000,0x00000000ff4be728,0x00000000ffd80000)
  to   space 22016K, 0% used [0x00000000fd280000,0x00000000fd280000,0x00000000fe800000)
 ParOldGen       total 152576K, used 47388K [0x00000000a0000000, 0x00000000a9500000, 0x00000000e0000000)
  object space 152576K, 31% used [0x00000000a0000000,0x00000000a2e47140,0x00000000a9500000)
 Metaspace       used 78980K, capacity 82632K, committed 82904K, reserved 1122304K
  class space    used 10212K, capacity 10981K, committed 11008K, reserved 1048576K
Event: 328.267 GC heap after
Heap after GC invocations=18 (full 3):
 PSYoungGen      total 470528K, used 11897K [0x00000000e0000000, 0x00000000fea00000, 0x0000000100000000)
  eden space 458240K, 0% used [0x00000000e0000000,0x00000000e0000000,0x00000000fbf80000)
  from space 12288K, 96% used [0x00000000fd280000,0x00000000fde1e708,0x00000000fde80000)
  to   space 11776K, 0% used [0x00000000fde80000,0x00000000fde80000,0x00000000fea00000)
 ParOldGen       total 152576K, used 47396K [0x00000000a0000000, 0x00000000a9500000, 0x00000000e0000000)
  object space 152576K, 31% used [0x00000000a0000000,0x00000000a2e49140,0x00000000a9500000)
 Metaspace       used 78980K, capacity 82632K, committed 82904K, reserved 1122304K
  class space    used 10212K, capacity 10981K, committed 11008K, reserved 1048576K
}
Event: 5432.036 GC heap before
{Heap before GC invocations=19 (full 3):
 PSYoungGen      total 470528K, used 443817K [0x00000000e0000000, 0x00000000fea00000, 0x0000000100000000)
  eden space 458240K, 94% used [0x00000000e0000000,0x00000000fa5cc0e0,0x00000000fbf80000)
  from space 12288K, 96% used [0x00000000fd280000,0x00000000fde1e708,0x00000000fde80000)
  to   space 11776K, 0% used [0x00000000fde80000,0x00000000fde80000,0x00000000fea00000)
 ParOldGen       total 152576K, used 47396K [0x00000000a0000000, 0x00000000a9500000, 0x00000000e0000000)
  object space 152576K, 31% used [0x00000000a0000000,0x00000000a2e49140,0x00000000a9500000)
 Metaspace       used 93737K, capacity 98334K, committed 98380K, reserved 1134592K
  class space    used 12085K, capacity 13051K, committed 13056K, reserved 1048576K
Event: 5432.517 GC heap after
Heap after GC invocations=19 (full 3):
 PSYoungGen      total 451584K, used 11771K [0x00000000e0000000, 0x00000000fea00000, 0x0000000100000000)
  eden space 439808K, 0% used [0x00000000e0000000,0x00000000e0000000,0x00000000fad80000)
  from space 11776K, 99% used [0x00000000fde80000,0x00000000fe9fec88,0x00000000fea00000)
  to   space 27136K, 0% used [0x00000000fb500000,0x00000000fb500000,0x00000000fcf80000)
 ParOldGen       total 152576K, used 65949K [0x00000000a0000000, 0x00000000a9500000, 0x00000000e0000000)
  object space 152576K, 43% used [0x00000000a0000000,0x00000000a40676c8,0x00000000a9500000)
 Metaspace       used 93737K, capacity 98334K, committed 98380K, reserved 1134592K
  class space    used 12085K, capacity 13051K, committed 13056K, reserved 1048576K
}
Event: 5432.517 GC heap before
{Heap before GC invocations=20 (full 4):
 PSYoungGen      total 451584K, used 11771K [0x00000000e0000000, 0x00000000fea00000, 0x0000000100000000)
  eden space 439808K, 0% used [0x00000000e0000000,0x00000000e0000000,0x00000000fad80000)
  from space 11776K, 99% used [0x00000000fde80000,0x00000000fe9fec88,0x00000000fea00000)
  to   space 27136K, 0% used [0x00000000fb500000,0x00000000fb500000,0x00000000fcf80000)
 ParOldGen       total 152576K, used 65949K [0x00000000a0000000, 0x00000000a9500000, 0x00000000e0000000)
  object space 152576K, 43% used [0x00000000a0000000,0x00000000a40676c8,0x00000000a9500000)
 Metaspace       used 93737K, capacity 98334K, committed 98380K, reserved 1134592K
  class space    used 12085K, capacity 13051K, committed 13056K, reserved 1048576K
Event: 5434.143 GC heap after
Heap after GC invocations=20 (full 4):
 PSYoungGen      total 451584K, used 0K [0x00000000e0000000, 0x00000000fea00000, 0x0000000100000000)
  eden space 439808K, 0% used [0x00000000e0000000,0x00000000e0000000,0x00000000fad80000)
  from space 11776K, 0% used [0x00000000fde80000,0x00000000fde80000,0x00000000fea00000)
  to   space 27136K, 0% used [0x00000000fb500000,0x00000000fb500000,0x00000000fcf80000)
 ParOldGen       total 219648K, used 48626K [0x00000000a0000000, 0x00000000ad680000, 0x00000000e0000000)
  object space 219648K, 22% used [0x00000000a0000000,0x00000000a2f7cbf8,0x00000000ad680000)
 Metaspace       used 92250K, capacity 95762K, committed 98380K, reserved 1134592K
  class space    used 11792K, capacity 12559K, committed 13056K, reserved 1048576K
}

Deoptimization events (10 events):
Event: 5442.633 Thread 0x000000001dbee000 Uncommon trap: reason=unstable_if action=reinterpret pc=0x0000000006a92c8c method=java.io.ExpiringCache$1.removeEldestEntry(Ljava/util/Map$Entry;)Z @ 11
Event: 5442.634 Thread 0x000000001dbeb800 Uncommon trap: reason=unstable_if action=reinterpret pc=0x0000000006a92c8c method=java.io.ExpiringCache$1.removeEldestEntry(Ljava/util/Map$Entry;)Z @ 11
Event: 5442.642 Thread 0x000000001dbe6800 Uncommon trap: reason=unstable_if action=reinterpret pc=0x0000000004de441c method=java.util.LinkedHashMap.afterNodeInsertion(Z)V @ 18
Event: 5442.886 Thread 0x000000001dbe6800 Uncommon trap: reason=unstable_if action=reinterpret pc=0x00000000058295f8 method=org.apache.ivy.core.IvyPatternHelper.substituteTokens(Ljava/lang/String;Ljava/util/Map;)Ljava/lang/String; @ 438
Event: 5444.802 Thread 0x000000001dbe3800 Uncommon trap: reason=unstable_if action=reinterpret pc=0x0000000006ece620 method=java.lang.ref.SoftReference.get()Ljava/lang/Object; @ 6
Event: 5448.475 Thread 0x000000001dbe5000 Uncommon trap: reason=array_check action=maybe_recompile pc=0x0000000005d1b0f0 method=java.util.TimSort.mergeLo(IIII)V @ 81
Event: 5448.475 Thread 0x000000001dbe5000 Uncommon trap: reason=array_check action=maybe_recompile pc=0x0000000005d1b0f0 method=java.util.TimSort.mergeLo(IIII)V @ 81
Event: 5448.476 Thread 0x000000001dbe5000 Uncommon trap: reason=array_check action=maybe_recompile pc=0x00000000066af350 method=java.util.TimSort.mergeHi(IIII)V @ 101
Event: 5448.476 Thread 0x000000001dbe5000 Uncommon trap: reason=array_check action=maybe_recompile pc=0x00000000066af350 method=java.util.TimSort.mergeHi(IIII)V @ 101
Event: 5448.566 Thread 0x000000001dbe6800 Uncommon trap: reason=unstable_if action=reinterpret pc=0x000000000697bb88 method=java.lang.ref.SoftReference.get()Ljava/lang/Object; @ 6

Classes redefined (0 events):
No events

Internal exceptions (10 events):
Event: 5448.477 Thread 0x000000001dbe5000 Exception <a 'java/lang/NoSuchMethodError': <clinit>> (0x00000000edca3118) thrown at [D:\src\AOSP-openjdk-cygwin\jdk8u\hotspot\src\share\vm\prims\jni.cpp, line 1613]
Event: 5448.482 Thread 0x000000001dbe5000 Exception <a 'java/lang/NoSuchMethodError': <clinit>> (0x00000000edcb1108) thrown at [D:\src\AOSP-openjdk-cygwin\jdk8u\hotspot\src\share\vm\prims\jni.cpp, line 1613]
Event: 5448.485 Thread 0x000000001dbe5000 Exception <a 'java/lang/NoSuchMethodError': <clinit>> (0x00000000edcc9ee0) thrown at [D:\src\AOSP-openjdk-cygwin\jdk8u\hotspot\src\share\vm\prims\jni.cpp, line 1613]
Event: 5448.486 Thread 0x000000001dbe5000 Exception <a 'java/lang/NoSuchMethodError': <clinit>> (0x00000000edcd3f50) thrown at [D:\src\AOSP-openjdk-cygwin\jdk8u\hotspot\src\share\vm\prims\jni.cpp, line 1613]
Event: 5448.489 Thread 0x000000001dbe5000 Exception <a 'java/lang/NoSuchMethodError': <clinit>> (0x00000000edcf0d30) thrown at [D:\src\AOSP-openjdk-cygwin\jdk8u\hotspot\src\share\vm\prims\jni.cpp, line 1613]
Event: 5448.560 Thread 0x000000001dbe6800 Exception <a 'java/lang/NoSuchMethodError': <clinit>> (0x00000000ed874730) thrown at [D:\src\AOSP-openjdk-cygwin\jdk8u\hotspot\src\share\vm\prims\jni.cpp, line 1613]
Event: 5448.562 Thread 0x000000001dbe6800 Exception <a 'java/lang/NoSuchMethodError': <clinit>> (0x00000000ed87c910) thrown at [D:\src\AOSP-openjdk-cygwin\jdk8u\hotspot\src\share\vm\prims\jni.cpp, line 1613]
Event: 5448.566 Thread 0x000000001dbe6800 Implicit null exception at 0x00000000069791a4 to 0x000000000697bb6d
Event: 5450.187 Thread 0x000000001dbe6800 Exception <a 'java/lang/ClassNotFoundException': sync_local_repo9_dl3a638yc5wnwgiqdwrqc4wxbBeanInfo> (0x00000000ee3aeaa0) thrown at [D:\src\AOSP-openjdk-cygwin\jdk8u\hotspot\src\share\vm\classfile\systemDictionary.cpp, line 210]
Event: 5450.187 Thread 0x000000001dbe6800 Exception <a 'java/lang/ClassNotFoundException': sync_local_repo9_dl3a638yc5wnwgiqdwrqc4wxbCustomizer> (0x00000000ee3b9b90) thrown at [D:\src\AOSP-openjdk-cygwin\jdk8u\hotspot\src\share\vm\classfile\systemDictionary.cpp, line 210]

Events (10 events):
Event: 5450.372 loading class org/gradle/internal/serialize/Message
Event: 5450.372 loading class org/gradle/internal/serialize/Message done
Event: 5450.855 Thread 0x000000001dbe6800 DEOPT PACKING pc=0x00000000071c1340 sp=0x000000003a6b98c0
Event: 5450.855 Thread 0x000000001dbe6800 DEOPT UNPACKING pc=0x00000000041675d0 sp=0x000000003a6b97b8 mode 0
Event: 5451.179 Thread 0x000000001dbe6800 DEOPT PACKING pc=0x0000000004d3cc04 sp=0x000000003a6b9b70
Event: 5451.179 Thread 0x000000001dbe6800 DEOPT UNPACKING pc=0x00000000041675d0 sp=0x000000003a6b9938 mode 0
Event: 5451.555 Thread 0x000000001dbe6800 DEOPT PACKING pc=0x00000000071c1340 sp=0x000000003a6b9840
Event: 5451.555 Thread 0x000000001dbe6800 DEOPT UNPACKING pc=0x00000000041675d0 sp=0x000000003a6b9738 mode 0
Event: 5451.917 Thread 0x000000001dbe6800 DEOPT PACKING pc=0x00000000071c1340 sp=0x000000003a6b7b80
Event: 5451.917 Thread 0x000000001dbe6800 DEOPT UNPACKING pc=0x00000000041675d0 sp=0x000000003a6b7a78 mode 0


Dynamic libraries:
0x00007ff751ff0000 - 0x00007ff752021000 	C:\Program Files\Android\Android Studio\jre\bin\java.exe
0x00007ffa62ca0000 - 0x00007ffa62e80000 	C:\WINDOWS\SYSTEM32\ntdll.dll
0x00007ffa59330000 - 0x00007ffa59364000 	C:\Program Files\AVAST Software\Avast\x64\aswhooka.dll
0x00007ffa626a0000 - 0x00007ffa6274e000 	C:\WINDOWS\System32\KERNEL32.DLL
0x00007ffa5fc60000 - 0x00007ffa5fec6000 	C:\WINDOWS\System32\KERNELBASE.dll
0x00007ffa61b60000 - 0x00007ffa61c01000 	C:\WINDOWS\System32\ADVAPI32.dll
0x00007ffa61c10000 - 0x00007ffa61cad000 	C:\WINDOWS\System32\msvcrt.dll
0x00007ffa62c10000 - 0x00007ffa62c6b000 	C:\WINDOWS\System32\sechost.dll
0x00007ffa62070000 - 0x00007ffa6218f000 	C:\WINDOWS\System32\RPCRT4.dll
0x00007ffa602e0000 - 0x00007ffa6046f000 	C:\WINDOWS\System32\USER32.dll
0x00007ffa5f2a0000 - 0x00007ffa5f2c0000 	C:\WINDOWS\System32\win32u.dll
0x00007ffa62520000 - 0x00007ffa62548000 	C:\WINDOWS\System32\GDI32.dll
0x00007ffa5fed0000 - 0x00007ffa60063000 	C:\WINDOWS\System32\gdi32full.dll
0x00007ffa5f100000 - 0x00007ffa5f19b000 	C:\WINDOWS\System32\msvcp_win.dll
0x00007ffa60070000 - 0x00007ffa60166000 	C:\WINDOWS\System32\ucrtbase.dll
0x00007ffa51480000 - 0x00007ffa516e9000 	C:\WINDOWS\WinSxS\amd64_microsoft.windows.common-controls_6595b64144ccf1df_6.0.16299.309_none_15cfd4c4935e6b11\COMCTL32.dll
0x00007ffa61d50000 - 0x00007ffa62058000 	C:\WINDOWS\System32\combase.dll
0x00007ffa5f2c0000 - 0x00007ffa5f332000 	C:\WINDOWS\System32\bcryptPrimitives.dll
0x00007ffa61cc0000 - 0x00007ffa61ced000 	C:\WINDOWS\System32\IMM32.DLL
0x0000000072e00000 - 0x0000000072ed2000 	C:\Program Files\Android\Android Studio\jre\jre\bin\msvcr100.dll
0x0000000073220000 - 0x0000000073a5f000 	C:\Program Files\Android\Android Studio\jre\jre\bin\server\jvm.dll
0x00007ffa61cb0000 - 0x00007ffa61cb8000 	C:\WINDOWS\System32\PSAPI.DLL
0x00007ffa5dca0000 - 0x00007ffa5dca9000 	C:\WINDOWS\SYSTEM32\WSOCK32.dll
0x00007ffa62ba0000 - 0x00007ffa62c0c000 	C:\WINDOWS\System32\WS2_32.dll
0x00007ffa5bd00000 - 0x00007ffa5bd23000 	C:\WINDOWS\SYSTEM32\WINMM.dll
0x00007ffa51700000 - 0x00007ffa5170a000 	C:\WINDOWS\SYSTEM32\VERSION.dll
0x00007ffa5bca0000 - 0x00007ffa5bcca000 	C:\WINDOWS\SYSTEM32\WINMMBASE.dll
0x00007ffa5f250000 - 0x00007ffa5f29a000 	C:\WINDOWS\System32\cfgmgr32.dll
0x00007ffa5bd90000 - 0x00007ffa5bd9f000 	C:\Program Files\Android\Android Studio\jre\jre\bin\verify.dll
0x00007ffa53780000 - 0x00007ffa537a9000 	C:\Program Files\Android\Android Studio\jre\jre\bin\java.dll
0x00007ffa58fa0000 - 0x00007ffa58fb6000 	C:\Program Files\Android\Android Studio\jre\jre\bin\zip.dll
0x00007ffa60720000 - 0x00007ffa61b56000 	C:\WINDOWS\System32\SHELL32.dll
0x00007ffa622c0000 - 0x00007ffa62366000 	C:\WINDOWS\System32\shcore.dll
0x00007ffa5f340000 - 0x00007ffa5fa87000 	C:\WINDOWS\System32\windows.storage.dll
0x00007ffa606c0000 - 0x00007ffa60711000 	C:\WINDOWS\System32\shlwapi.dll
0x00007ffa5f080000 - 0x00007ffa5f091000 	C:\WINDOWS\System32\kernel.appcore.dll
0x00007ffa5f010000 - 0x00007ffa5f05c000 	C:\WINDOWS\System32\powrprof.dll
0x00007ffa5f060000 - 0x00007ffa5f07b000 	C:\WINDOWS\System32\profapi.dll
0x00007ffa50020000 - 0x00007ffa5003a000 	C:\Program Files\Android\Android Studio\jre\jre\bin\net.dll
0x00007ffa5e820000 - 0x00007ffa5e886000 	C:\WINDOWS\system32\mswsock.dll
0x00007ffa4c160000 - 0x00007ffa4c171000 	C:\Program Files\Android\Android Studio\jre\jre\bin\nio.dll
0x00007ffa56be0000 - 0x00007ffa56bfe000 	C:\Users\hloya\.gradle\native\25\windows-amd64\native-platform.dll
0x00007ffa5a380000 - 0x00007ffa5a38d000 	C:\Program Files\Android\Android Studio\jre\jre\bin\management.dll
0x00007ffa5e9e0000 - 0x00007ffa5e9f7000 	C:\WINDOWS\SYSTEM32\CRYPTSP.dll
0x00007ffa5e420000 - 0x00007ffa5e453000 	C:\WINDOWS\system32\rsaenh.dll
0x00007ffa5eb50000 - 0x00007ffa5eb75000 	C:\WINDOWS\SYSTEM32\bcrypt.dll
0x00007ffa5eef0000 - 0x00007ffa5ef19000 	C:\WINDOWS\SYSTEM32\USERENV.dll
0x00007ffa5ea00000 - 0x00007ffa5ea0b000 	C:\WINDOWS\SYSTEM32\CRYPTBASE.dll
0x00007ffa5e5b0000 - 0x00007ffa5e5e9000 	C:\WINDOWS\SYSTEM32\IPHLPAPI.DLL
0x00007ffa62060000 - 0x00007ffa62068000 	C:\WINDOWS\System32\NSI.dll
0x00007ffa532d0000 - 0x00007ffa532e6000 	C:\WINDOWS\SYSTEM32\dhcpcsvc6.DLL
0x00007ffa532b0000 - 0x00007ffa532ca000 	C:\WINDOWS\SYSTEM32\dhcpcsvc.DLL

VM Arguments:
jvm_args: -Xmx1536m -Dfile.encoding=windows-1252 -Duser.country=US -Duser.language=en -Duser.variant 
java_command: org.gradle.launcher.daemon.bootstrap.GradleDaemon 4.4
java_class_path (initial): C:\Users\hloya\.gradle\wrapper\dists\gradle-4.4-all\9br9xq1tocpiv8o6njlyu5op1\gradle-4.4\lib\gradle-launcher-4.4.jar
Launcher Type: SUN_STANDARD

Environment Variables:
PATH=C:\oraclexe\app\oracle\product\11.2.0\server\bin;C:\Program Files\Java\jdk-9.0.4\bin;C:\Program Files (x86)\Intel\Intel(R) Management Engine Components\iCLS\;C:\Program Files\Intel\Intel(R) Management Engine Components\iCLS\;C:\WINDOWS\system32;C:\WINDOWS;C:\WINDOWS\System32\Wbem;C:\WINDOWS\System32\WindowsPowerShell\v1.0\;C:\Program Files (x86)\Intel\Intel(R) Management Engine Components\DAL;C:\Program Files\Intel\Intel(R) Management Engine Components\DAL;C:\Program Files (x86)\Intel\Intel(R) Management Engine Components\IPT;C:\Program Files\Intel\Intel(R) Management Engine Components\IPT;C:\Program Files\Intel\WiFi\bin\;C:\Program Files\Common Files\Intel\WirelessCommon\;C:\Program Files\ApacheSofts\apache-ant-1.9.7\bin;C:\Program Files\PuTTY\;C:\Program Files\Git\cmd;C:\Users\hloya\AppData\Local\Microsoft\WindowsApps;C:\Program Files\Intel\WiFi\bin\;C:\Program Files\Common Files\Intel\WirelessCommon\;
USERNAME=hloya
OS=Windows_NT
PROCESSOR_IDENTIFIER=Intel64 Family 6 Model 78 Stepping 3, GenuineIntel



---------------  S Y S T E M  ---------------

OS: Windows 10.0 , 64 bit Build 16299 (10.0.16299.15)

CPU:total 4 (initial active 4) (2 cores per cpu, 2 threads per core) family 6 model 78 stepping 3, cmov, cx8, fxsr, mmx, sse, sse2, sse3, ssse3, sse4.1, sse4.2, popcnt, avx, avx2, aes, clmul, erms, 3dnowpref, lzcnt, ht, tsc, tscinvbit, bmi1, bmi2, adx

Memory: 4k page, physical 12439180k(267924k free), swap 19779212k(4816k free)

vm_info: OpenJDK 64-Bit Server VM (25.152-b02) for windows-amd64 JRE (1.8.0_152-release-1024-b02), built by "builder" with MS VC++ 10.0 (VS2010)

time: Sun Apr 08 18:29:30 2018
elapsed time: 5452 seconds (0d 1h 30m 52s)

